<?xml version="1.0" encoding="UTF-8"?>
<!-- Generated by org.testng.reporters.JUnitReportReporter -->
<testsuite hostname="DESKTOP-0MOJCMH" failures="0" tests="1" name="Testpkg.testclass" time="5.273" errors="0" timestamp="2025-01-15T16:00:10 IST" skipped="0">
  <testcase classname="Testpkg.testclass" name="valid_login" time="5.273"/>
  <system-out/>
</testsuite> <!-- Testpkg.testclass -->
