<?xml version="1.0" encoding="UTF-8"?>
<!-- Generated by org.testng.reporters.JUnitReportReporter -->
<testsuite hostname="DESKTOP-0MOJCMH" failures="0" tests="1" name="testpkg.Fblogintest" time="24.637" errors="0" timestamp="2025-01-15T11:08:24 IST" skipped="0">
  <testcase classname="testpkg.Fblogintest" name="login_valid_check" time="24.637"/>
  <system-out/>
</testsuite> <!-- testpkg.Fblogintest -->
