<?xml version="1.0" encoding="UTF-8"?>
<!-- Generated by org.testng.reporters.JUnitReportReporter -->
<testsuite hostname="DESKTOP-0MOJCMH" failures="0" tests="1" name="Testpkg.Testclass" time="7.772" errors="0" timestamp="2025-01-17T11:10:15 IST" skipped="0">
  <testcase classname="Testpkg.Testclass" name="verification" time="7.772"/>
  <system-out/>
</testsuite> <!-- Testpkg.Testclass -->
